C51 COMPILER V8.02   RXMESAJV2                                                             03/05/2023 12:06:27 PAGE 1   


C51 COMPILER V8.02, COMPILATION OF MODULE RXMESAJV2
OBJECT MODULE PLACED IN .\Objects\RxMesajV2.obj
COMPILER INVOKED BY: C:\Keil\C51\BIN\C51.EXE RxMesajV2.c LARGE BROWSE INCDIR(.\BIG8051\Include) DEBUG OBJECTEXTEND PRINT
                    -(.\Listings\RxMesajV2.lst) TABS(3) OBJECT(.\Objects\RxMesajV2.obj)

line level    source

   1          #include <c8051F040.h>  // declaratii SFR
   2          #include <uart1.h>
   3          #include <Protocol.h>
   4          #include <UserIO.h>
   5          
   6          extern nod retea[];                 // reteaua Master-Slave, cu 5 noduri
   7          
   8          extern unsigned char STARE_NOD;     // starea initiala a nodului curent
   9          extern unsigned char TIP_NOD;       // tip nod
  10          extern unsigned char ADR_MASTER; // adresa nodului master
  11          
  12          extern unsigned char timeout;    // variabila globala care indica expirare timp de asteptare eveniment
  13          //********************************************************************************************************
             -***
  14          unsigned char RxMesaj(unsigned char i);            // primire mesaj de la nodul i
  15          unsigned char ascii2bin(unsigned char *ptr);       // functie de conversie 2 caractere ASCII HEX in binar
  16          
  17          //********************************************************************************************************
             -***
  18          unsigned char RxMesaj(unsigned char i){               // receptie mesaj                                              
  19   1         unsigned char j, ch, sc, adresa_hw_src, screc, src, dest, lng, tipmes;
  20   1         
  21   1                                                                  // Daca nodul este master...
  22   1                                                                     // M: asteapta cu timeout raspunsul de la slave
  23   1                                                                     // M: timeout, terminare receptie, devine master
  24   1      
  25   1                                                                     // M: raspunsul de la slave a venit, considera ca mesajul anterior a fost transmis cu
             - succes   
  26   1                                                                     
  27   1                                                                        // M: ignora restul mesajului
  28   1                                                                        
  29   1                                                                        // M: adresa HW gresita, terminare receptie
  30   1                                                               
  31   1         
  32   1                                                               
  33   1                                                               
  34   1                                                                        // S: ignora mesajul in curs de transmisie
  35   1                                                                        
  36   1                                                                        // S: inceput mesaj nou, dupa o pauza in transmisie
  37   1               
  38   1                                                                        // slave-ul nu raspunde
  39   1                                                                     
  40   1                                                                     // S: iese doar atunci cand mesajul ii este adresat acestui nod slave
  41   1                                                                  
  42   1                                                                  // M+S: initializeaza screc cu adresa HW dest
  43   1         
  44   1                                                                  // M+S: Asteapta cu timeout receptia adresei HW sursa
  45   1                                                                  // mesaj incomplet
  46   1         
  47   1                                                                  // M+S: ia in calcul in screc codul functiei
  48   1      
  49   1                                                                  // actualizeaza adresa master
  50   1         
  51   1                                                                  // M+S: Asteapta cu timeout receptia codului functiei
C51 COMPILER V8.02   RXMESAJV2                                                             03/05/2023 12:06:27 PAGE 2   

  52   1                                                                  // M+S: mesaj incomplet
  53   1      
  54   1                                                                  
  55   1                                                                     // M+S: ignora restul mesajului
  56   1                                                                     
  57   1                                                                     // M+S: tip mesaj eronat, terminare receptie
  58   1                                                                  
  59   1                                                                  // M+S: ia in calcul in screc codul functiei
  60   1         
  61   1                                                                  // M+S: Daca mesajul este unul de date
  62   1                                                                     // M+S: asteapta cu timeout adresa nodului destinatie (M) sau sursa  (S)
  63   1                                                                     
  64   1                                                                     // M+S: ia in calcul in screc adresa src
  65   1                                                                     // M+S: asteapta cu timeout adresa nodului destinatie (M) sau sursa  (S)
  66   1                                                                     
  67   1                                                                     // M+S: ia in calcul in screc adresa src
  68   1            
  69   1                                                                     // Daca nodul este master...
  70   1                                                                        
  71   1                                                                           // M: ignora restul mesajului
  72   1                                                                           
  73   1                                                                                                // M: bufferul destinatie este deja plin, terminare receptie
  74   1                                                                        
  75   1                                                                  
  76   1                                                                     // M+S: asteapta cu timeout receptia lng
  77   1                                                                     
  78   1                                                                                          // M+S: ia in calcul in screc lungimea datelor
  79   1            
  80   1                                                                     // Daca nodul este master...
  81   1                                                                        // M: stocheaza adresa HW sursa  
  82   1                                                                        // M: stocheaza tipul mesajului  
  83   1                                                                        // M: stocheaza la src codul nodului sursa al mesajului  
  84   1                                                                        // M: stocheaza la src codul nodului destinatie a mesajului 
  85   1                                                                        // M: stocheaza lng
  86   1                                                                           
  87   1                                                                           // M: asteapta cu timeout un octet de date
  88   1                                                                           
  89   1                                                                           // M: ia in calcul in screc datele
  90   1                                                                           
  91   1                                                                        
  92   1                                                                        // M: Asteapta cu timeout receptia sumei de control
  93   1                                                                        
  94   1      
  95   1                                                                        
  96   1                                                                           // M: mesaj corect, marcare buffer plin
  97   1                                                                           
  98   1                                                                     
  99   1                                                                        // M: eroare SC, terminare receptie
 100   1                                                                                                   
 101   1                                                                     // nodul este slave
 102   1                                                                        // S: stocheaza la destsrc codul nodului sursa al mesajului 
 103   1                                                                        // S: stocheaza lng
 104   1                                                                        
 105   1                                                                        // S: asteapta cu timeout un octet de date
 106   1                                                                           
 107   1                                                                           // S: ia in calcul in screc datele
 108   1                                                                           
 109   1                                                                     
 110   1                                                                        // S: Asteapta cu timeout receptia sumei de control
 111   1                                                                        
 112   1      
 113   1                                                                        
C51 COMPILER V8.02   RXMESAJV2                                                             03/05/2023 12:06:27 PAGE 3   

 114   1                                                               // S: mesaj corect, marcare buffer plin
 115   1                                                                           
 116   1                                                                        
 117   1                                                                        // S: eroare SC, terminare receptie
 118   1                                                                     
 119   1                                                               
 120   1                                                                  
 121   1                                                                     // M+S: Asteapta cu timeout receptia sumei de control
 122   1                                                                     
 123   1                                                                     
 124   1                                                                     // M+S: eroare SC, terminare receptie
 125   1                                                                  
 126   1      }
*** WARNING C173 IN LINE 126 OF RXMESAJV2.C: missing return-expression
*** WARNING C280 IN LINE 18 OF RXMESAJV2.C: 'i': unreferenced local variable
*** WARNING C280 IN LINE 19 OF RXMESAJV2.C: 'j': unreferenced local variable
*** WARNING C280 IN LINE 19 OF RXMESAJV2.C: 'ch': unreferenced local variable
*** WARNING C280 IN LINE 19 OF RXMESAJV2.C: 'sc': unreferenced local variable
*** WARNING C280 IN LINE 19 OF RXMESAJV2.C: 'adresa_hw_src': unreferenced local variable
*** WARNING C280 IN LINE 19 OF RXMESAJV2.C: 'screc': unreferenced local variable
*** WARNING C280 IN LINE 19 OF RXMESAJV2.C: 'src': unreferenced local variable
*** WARNING C280 IN LINE 19 OF RXMESAJV2.C: 'dest': unreferenced local variable
*** WARNING C280 IN LINE 19 OF RXMESAJV2.C: 'lng': unreferenced local variable
*** WARNING C280 IN LINE 19 OF RXMESAJV2.C: 'tipmes': unreferenced local variable
 127          
 128          
 129          //********************************************************************************************************
             -***
 130          unsigned char ascii2bin(unsigned char *ptr){       // converteste doua caractere ASCII HEX de la adresa ptr
 131   1         unsigned char bin;
 132   1         
 133   1         if(*ptr > '9') bin = (*ptr++ - 'A' + 10) << 4;  // contributia primului caracter daca este litera
 134   1         else bin = (*ptr++ - '0') << 4;                          // contributia primului caracter daca este cifra
 135   1         if(*ptr > '9') bin  += (*ptr++ - 'A' + 10);        // contributia celui de-al doilea caracter daca este litera
 136   1         else bin += (*ptr++ - '0');                                 // contributia celui de-al doilea caracter daca este cifra
 137   1         return bin;
 138   1      }
 139          
 140          


MODULE INFORMATION:   STATIC OVERLAYABLE
   CODE SIZE        =    126    ----
   CONSTANT SIZE    =   ----    ----
   XDATA SIZE       =   ----      13
   PDATA SIZE       =   ----    ----
   DATA SIZE        =   ----    ----
   IDATA SIZE       =   ----    ----
   BIT SIZE         =   ----    ----
END OF MODULE INFORMATION.


C51 COMPILATION COMPLETE.  11 WARNING(S),  0 ERROR(S)
