C51 COMPILER V8.02   RXMESAJV3                                                             03/05/2023 12:06:57 PAGE 1   


C51 COMPILER V8.02, COMPILATION OF MODULE RXMESAJV3
OBJECT MODULE PLACED IN .\Objects\RxMesajV3.obj
COMPILER INVOKED BY: C:\Keil\C51\BIN\C51.EXE RxMesajV3.c LARGE BROWSE INCDIR(.\BIG8051\Include) DEBUG OBJECTEXTEND PRINT
                    -(.\Listings\RxMesajV3.lst) TABS(3) OBJECT(.\Objects\RxMesajV3.obj)

line level    source

   1          #include <c8051F040.h>  // declaratii SFR
   2          #include <uart1.h>
   3          #include <Protocol.h>
   4          #include <UserIO.h>
   5          
   6          extern nod retea[];                 // reteaua Master-Slave, cu 5 noduri
   7          
   8          extern unsigned char STARE_NOD;     // starea initiala a nodului curent
   9          extern unsigned char TIP_NOD;       // tip nod
  10          extern unsigned char ADR_MASTER; // adresa nodului master
  11          
  12          extern unsigned char timeout;    // variabila globala care indica expirare timp de asteptare eveniment
  13          //********************************************************************************************************
             -***
  14          unsigned char RxMesaj(unsigned char i);            // primire mesaj de la nodul i
  15          unsigned char ascii2bin(unsigned char *ptr);             // functie de conversie 2 caractere ASCII HEX in binar
  16          
  17          //********************************************************************************************************
             -***
  18          unsigned char RxMesaj(unsigned char i){               // receptie mesaj                                              
  19   1         unsigned char j, sc, ch, adresa_hw_src, screc, src, dest, lng, tipmes, *ptr;
  20   1      
  21   1                                                                  // dezactivare Tx, validare RX UART1
  22   1                                                                  // dezactivare Tx, validare RX RS485
  23   1                                                                  // receptie doar octeti de adresa
  24   1      
  25   1      
  26   1                                                                  // Daca nodul este master...
  27   1                                                                     // M: asteapta cu timeout primul caracter al raspunsului de la slave
  28   1                                                                     // M: timeout, terminare receptie
  29   1            
  30   1                                                                     // M: raspunsul de la slave vine, considera ca mesajul anterior a fost transmis cu su
             -cces   
  31   1      
  32   1                                                                     // M: adresa HW ASCII gresita, terminare receptie
  33   1                                                               
  34   1                                                               
  35   1                                                                     // Daca nodul este slave...
  36   1                                                                        // S: asteapta cu timeout primirea primului caracter al unui mesaj de la master
  37   1                                                                        // S: timeout, terminare receptie
  38   1                                                               
  39   1                                                                     // S: iese doar cand mesajul era adresat acestui slave
  40   1                                                               
  41   1         
  42   1                                                                  // receptie octeti de date
  43   1         
  44   1                                                                  
  45   1                                                                  
  46   1                                                                  
  47   1                                                                  // M+S: pune in bufasc restul mesajului ASCII HEX
  48   1                                                                  // M+S: timeout, terminare receptie
  49   1                                                                  
  50   1                                                                  
  51   1         
C51 COMPILER V8.02   RXMESAJV3                                                             03/05/2023 12:06:57 PAGE 2   

  52   1                                                                  // M+S: reinitializare pointer in bufferul ASCII
  53   1                                                                  // M+S: initializeaza screc cu adresa HW dest
  54   1         
  55   1                                                                  // M+S: determina adresa HW src
  56   1                                                                  
  57   1                                                                  // M+S: aduna adresa HW src
  58   1      
  59   1                                                                  // Slave actualizeaza adresa Master
  60   1         
  61   1                                                                  // M+S: determina tipul mesajului
  62   1                                                                  
  63   1                                                                  // M+S: cod functie eronat, terminare receptie
  64   1                                                                  // M+S: ia in calcul in screc codul functiei
  65   1      
  66   1                                                                  // M+S: Daca mesajul este unul de date
  67   1                                                                     // M+S: determina sursa mesajului
  68   1                                                                     
  69   1                                                                     // M+S: ia in calcul in screc adresa src
  70   1            
  71   1                                                                     // M+S: determina destinatia mesajului
  72   1                                                                     
  73   1                                                                     // M+S: ia in calcul in screc adresa dest
  74   1            
  75   1                                                                     // Daca nodul este master...
  76   1                                                                        // M: bufferul destinatie este deja plin, terminare receptie
  77   1      
  78   1                                                                     // M+S: determina lng
  79   1                                                                     
  80   1                                                                     // M+S: ia in calcul in screc lungimea datelor
  81   1            
  82   1                                                                     // Daca nodul este master...
  83   1                                                                        // M: stocheaza in bufbin adresa HW src   
  84   1                                                                        // M: stocheaza in bufbin tipul mesajului 
  85   1                                                                        // M: stocheaza in bufbin adresa nodului sursa al mesajului 
  86   1                                                                        // M: stocheaza in bufbin adresa nodului destinatie al mesajului  
  87   1                                                                        // M: stocheaza lng
  88   1               
  89   1                                                                        
  90   1                                                                           // M: determina un octet de date
  91   1                                                                           
  92   1                                                                           // M: ia in calcul in screc octetul de date
  93   1                                                                           
  94   1                                                                        
  95   1                                                                        // M: determina suma de control
  96   1                                                                        
  97   1                                                                        // M: pune sc in bufbin
  98   1               
  99   1                                                                           // M: mesaj corect, marcare buffer plin
 100   1                                                                        
 101   1                                                                        
 102   1                                                                        // M: eroare SC, terminare receptie
 103   1                                                                  
 104   1                                                                     // Daca nodul este slave ...
 105   1                                                                        // S: stocheaza la destsrc codul nodului sursa al mesajului 
 106   1                                                                        // S: stocheaza lng
 107   1                                                                        
 108   1                                                                           // S: determina un octet de date
 109   1                                                                           
 110   1                                                                           // S: ia in calcul in screc octetul de date
 111   1                                                                           
 112   1                                                                     
 113   1                                                                        // S: determina suma de control
C51 COMPILER V8.02   RXMESAJV3                                                             03/05/2023 12:06:57 PAGE 3   

 114   1                                                                        
 115   1                                                                        
 116   1                                                                           // S: mesaj corect, marcare buffer plin
 117   1                                                                           
 118   1                                                                        
 119   1                                                                        // S: eroare SC, terminare receptie
 120   1                                                               
 121   1                                                                  
 122   1                                                               
 123   1                                                                     // M+S: determina suma de control
 124   1                                                                     
 125   1                                                                     // M+S: eroare SC, terminare receptie
 126   1                                                               
 127   1      }
*** WARNING C173 IN LINE 127 OF RXMESAJV3.C: missing return-expression
*** WARNING C280 IN LINE 18 OF RXMESAJV3.C: 'i': unreferenced local variable
*** WARNING C280 IN LINE 19 OF RXMESAJV3.C: 'j': unreferenced local variable
*** WARNING C280 IN LINE 19 OF RXMESAJV3.C: 'sc': unreferenced local variable
*** WARNING C280 IN LINE 19 OF RXMESAJV3.C: 'ch': unreferenced local variable
*** WARNING C280 IN LINE 19 OF RXMESAJV3.C: 'adresa_hw_src': unreferenced local variable
*** WARNING C280 IN LINE 19 OF RXMESAJV3.C: 'screc': unreferenced local variable
*** WARNING C280 IN LINE 19 OF RXMESAJV3.C: 'src': unreferenced local variable
*** WARNING C280 IN LINE 19 OF RXMESAJV3.C: 'dest': unreferenced local variable
*** WARNING C280 IN LINE 19 OF RXMESAJV3.C: 'lng': unreferenced local variable
*** WARNING C280 IN LINE 19 OF RXMESAJV3.C: 'tipmes': unreferenced local variable
*** WARNING C280 IN LINE 19 OF RXMESAJV3.C: 'ptr': unreferenced local variable
 128          
 129          
 130          //********************************************************************************************************
             -***
 131          unsigned char ascii2bin(unsigned char *ptr){       // converteste doua caractere ASCII HEX de la adresa ptr
 132   1         unsigned char bin;
 133   1         
 134   1         if(*ptr > '9') bin = (*ptr++ - 'A' + 10) << 4;  // contributia primului caracter daca este litera
 135   1         else bin = (*ptr++ - '0') << 4;                          // contributia primului caracter daca este cifra
 136   1         if(*ptr > '9') bin  += (*ptr++ - 'A' + 10);        // contributia celui de-al doilea caracter daca este litera
 137   1         else bin += (*ptr++ - '0');                                 // contributia celui de-al doilea caracter daca este cifra
 138   1         return bin;
 139   1      }
 140          
 141          


MODULE INFORMATION:   STATIC OVERLAYABLE
   CODE SIZE        =    126    ----
   CONSTANT SIZE    =   ----    ----
   XDATA SIZE       =   ----      16
   PDATA SIZE       =   ----    ----
   DATA SIZE        =   ----    ----
   IDATA SIZE       =   ----    ----
   BIT SIZE         =   ----    ----
END OF MODULE INFORMATION.


C51 COMPILATION COMPLETE.  12 WARNING(S),  0 ERROR(S)
