C51 COMPILER V8.02   TXMESAJV2                                                             03/05/2023 12:06:27 PAGE 1   


C51 COMPILER V8.02, COMPILATION OF MODULE TXMESAJV2
OBJECT MODULE PLACED IN .\Objects\TxMesajV2.obj
COMPILER INVOKED BY: C:\Keil\C51\BIN\C51.EXE TxMesajV2.c LARGE BROWSE INCDIR(.\BIG8051\Include) DEBUG OBJECTEXTEND PRINT
                    -(.\Listings\TxMesajV2.lst) TABS(3) OBJECT(.\Objects\TxMesajV2.obj)

line level    source

   1          #include <c8051F040.h>  // declaratii SFR
   2          #include <uart1.h>
   3          #include <Protocol.h>
   4          #include <UserIO.h>
   5          
   6          extern unsigned char STARE_NOD;     // starea initiala a nodului curent
   7          extern unsigned char TIP_NOD;       // tip nod initial: Nu Master, Nu Jeton
   8          
   9          extern nod retea[];
  10          
  11          extern unsigned char timeout;    // variabila globala care indica expirare timp de asteptare eveniment
  12          //********************************************************************************************************
             -***
  13          void TxMesaj(unsigned char i);   // transmisie mesaj destinat nodului i
  14          void bin2ascii(unsigned char ch, unsigned char *ptr); // functie de conversie octet din binar in ASCII HEX
  15          
  16          //********************************************************************************************************
             -***
  17          void TxMesaj(unsigned char i){               // transmite mesajul din buffer-ul i
  18   1         unsigned char sc, j;
  19   1                                                               
  20   1                                                                  // daca este un mesaj de interogare (POLL=0)
  21   1                                                                     // calculeaza direct sc
  22   1                                                                  
  23   1                                                                  // altfel...
  24   1                                                                     // initializeaza SC  cu adresa HW a nodului destinatie
  25   1                                                                     // ia in calcul adresa_hw_src
  26   1                                                                     // ia in calcul tipul mesajului
  27   1                                                                     // ia in calcul adresa nodului sursa al mesajului
  28   1                                                                     // ia in calcul adresa nodului destinatie al mesajului
  29   1                                                                     // ia in calcul lungimea datelor
  30   1                                                                     
  31   1                                                                     // ia in calcul datele
  32   1                                                                     // stocheaza suma de control
  33   1                                                               
  34   1                                                                  // transmite adresa HW a nodului destinatie
  35   1                                                                  // transmite adresa HW a nodului sursa
  36   1                                                                  // transmite tipul mesajului
  37   1         
  38   1                                                                  // Daca mesajul este de date ...
  39   1                                                                     // transmite adresa nodului sursa mesaj
  40   1                                                                     // transmite lungimea mesajului
  41   1                                                                        
  42   1                                                                        // transmite octetii de date
  43   1                                                                  
  44   1                                                                  // transmite suma de control
  45   1         
  46   1                                                                  // slave-ul considera acum ca a transmis mesajul
  47   1         
  48   1                                                                  // asteapta terminarea transmisiei
  49   1      }
*** WARNING C280 IN LINE 17 OF TXMESAJV2.C: 'i': unreferenced local variable
*** WARNING C280 IN LINE 18 OF TXMESAJV2.C: 'sc': unreferenced local variable
*** WARNING C280 IN LINE 18 OF TXMESAJV2.C: 'j': unreferenced local variable
C51 COMPILER V8.02   TXMESAJV2                                                             03/05/2023 12:06:27 PAGE 2   

  50          
  51          //********************************************************************************************************
             -***
  52          void bin2ascii(unsigned char ch, unsigned char *ptr){ // converteste octetul ch in doua caractere ASCII HE
             -X puse la adresa ptr
  53   1         unsigned char first, second;
  54   1         first = (ch & 0xF0)>>4;                // extrage din ch primul digit
  55   1         second = ch & 0x0F;                       // extrage din ch al doilea digit
  56   1         if(first > 9) *ptr++ = first - 10 + 'A';  // converteste primul digit daca este litera
  57   1         else *ptr++ = first + '0';          // converteste primul digit daca este cifra
  58   1         if(second > 9) *ptr++ = second - 10 + 'A';   // converteste al doilea digit daca este litera
  59   1         else *ptr++ = second + '0';            // converteste al doilea digit daca este cifra
  60   1      }


MODULE INFORMATION:   STATIC OVERLAYABLE
   CODE SIZE        =     97    ----
   CONSTANT SIZE    =   ----    ----
   XDATA SIZE       =   ----       6
   PDATA SIZE       =   ----    ----
   DATA SIZE        =   ----    ----
   IDATA SIZE       =   ----    ----
   BIT SIZE         =   ----    ----
END OF MODULE INFORMATION.


C51 COMPILATION COMPLETE.  3 WARNING(S),  0 ERROR(S)
